\BOOKMARK [0][-]{chapter*.1}{Abstract}{}% 1
\BOOKMARK [0][-]{chapter*.4}{List\040of\040Tables}{}% 2
\BOOKMARK [0][-]{chapter*.5}{List\040of\040Figures}{}% 3
\BOOKMARK [0][-]{chapter*.6}{List\040of\040Abbreviations}{}% 4
\BOOKMARK [0][-]{chapter.1}{Chapter\040One}{}% 5
\BOOKMARK [1][-]{section.1.1}{Introduction}{chapter.1}% 6
\BOOKMARK [1][-]{section.1.2}{Fieldwork\040Site}{chapter.1}% 7
\BOOKMARK [1][-]{section.1.3}{Research\040Methods}{chapter.1}% 8
\BOOKMARK [2][-]{subsection.1.3.1}{Hear\040Phase}{section.1.3}% 9
\BOOKMARK [2][-]{subsection.1.3.2}{Create\040Phase}{section.1.3}% 10
\BOOKMARK [2][-]{subsection.1.3.3}{Deliver\040Phase}{section.1.3}% 11
\BOOKMARK [0][-]{chapter.2}{Academic\040Manuscript}{}% 12
\BOOKMARK [1][-]{section.2.1}{Abstract}{chapter.2}% 13
\BOOKMARK [1][-]{section.2.2}{Introduction}{chapter.2}% 14
\BOOKMARK [1][-]{section.2.3}{Methods}{chapter.2}% 15
\BOOKMARK [2][-]{subsection.2.3.1}{Setting}{section.2.3}% 16
\BOOKMARK [2][-]{subsection.2.3.2}{Recruitment}{section.2.3}% 17
\BOOKMARK [2][-]{subsection.2.3.3}{Hear\040Phase}{section.2.3}% 18
\BOOKMARK [2][-]{subsection.2.3.4}{Create\040Phase}{section.2.3}% 19
\BOOKMARK [2][-]{subsection.2.3.5}{Deliver\040Phase}{section.2.3}% 20
\BOOKMARK [1][-]{section.2.4}{Results}{chapter.2}% 21
\BOOKMARK [2][-]{subsection.2.4.1}{Hear\040Phase}{section.2.4}% 22
\BOOKMARK [2][-]{subsection.2.4.2}{Create\040Phase}{section.2.4}% 23
\BOOKMARK [2][-]{subsection.2.4.3}{Deliver\040Phase}{section.2.4}% 24
\BOOKMARK [1][-]{section.2.5}{Discussion}{chapter.2}% 25
\BOOKMARK [2][-]{subsection.2.5.1}{Principal\040Results}{section.2.5}% 26
\BOOKMARK [2][-]{subsection.2.5.2}{Limitations}{section.2.5}% 27
\BOOKMARK [2][-]{subsection.2.5.3}{Comparison\040with\040Prior\040Work}{section.2.5}% 28
\BOOKMARK [2][-]{subsection.2.5.4}{Conclusions}{section.2.5}% 29
\BOOKMARK [0][-]{chapter.3}{Chapter\040Three}{}% 30
\BOOKMARK [1][-]{section.3.1}{Lessons\040Learned}{chapter.3}% 31
\BOOKMARK [1][-]{section.3.2}{Limitations}{chapter.3}% 32
\BOOKMARK [1][-]{section.3.3}{Implications\040for\040Future\040Research}{chapter.3}% 33
\BOOKMARK [1][-]{section.3.4}{Conclusions}{chapter.3}% 34
\BOOKMARK [0][-]{appendix.A}{Map\040of\040Ndivisi\040Division}{}% 35
\BOOKMARK [0][-]{appendix.B}{CHV\040Report\040Data}{}% 36
\BOOKMARK [0][-]{appendix.C}{Call\040Flows}{}% 37
\BOOKMARK [0][-]{appendix.D}{Usability\040Survey\040}{}% 38
\BOOKMARK [0][-]{table.D.1}{References}{}% 39
